<?xml version="1.0" encoding="UTF-8"?>
<!-- Generated by org.testng.reporters.JUnitReportReporter -->
<testsuite hostname="ITLC3ML593" failures="5" tests="8" name="restful.Restful" time="6.972" errors="1" timestamp="2021-07-05T14:24:17 CAT" skipped="0">
  <testcase classname="restful.Restful" name="getResponseStatus" time="0.760"/>
  <system-out>
<a href='C:\temp\ITHEALTH.RepoCSVmongoTables\MyfirstMavenProjectIT\target\surefire-reports-20210621134558\images\onTestStart142412.png'> <img src='C:\temp\ITHEALTH.RepoCSVmongoTables\MyfirstMavenProjectIT\target\surefire-reports-20210621134558\images\onTestStart142412.png' height='200' width='200'/> </a> <a href='C:\temp\ITHEALTH.RepoCSVmongoTables\MyfirstMavenProjectIT\target\surefire-reports-20210621134558\images\onTestSuccess142413.png'> <img src='C:\temp\ITHEALTH.RepoCSVmongoTables\MyfirstMavenProjectIT\target\surefire-reports-20210621134558\images\onTestSuccess142413.png' height='200' width='200'/> </a>  </system-out>
  <testcase classname="restful.Restful" name="getHeaders" time="0.740"/>
  <system-out>
<a href='C:\temp\ITHEALTH.RepoCSVmongoTables\MyfirstMavenProjectIT\target\surefire-reports-20210621134558\images\onTestStart142411.png'> <img src='C:\temp\ITHEALTH.RepoCSVmongoTables\MyfirstMavenProjectIT\target\surefire-reports-20210621134558\images\onTestStart142411.png' height='200' width='200'/> </a> <a href='C:\temp\ITHEALTH.RepoCSVmongoTables\MyfirstMavenProjectIT\target\surefire-reports-20210621134558\images\onTestSuccess142412.png'> <img src='C:\temp\ITHEALTH.RepoCSVmongoTables\MyfirstMavenProjectIT\target\surefire-reports-20210621134558\images\onTestSuccess142412.png' height='200' width='200'/> </a>  </system-out>
  <testcase classname="restful.Restful" name="dataTest" time="2.347">
    <failure message="2 expectations failed.
XML path page doesn&#039;t match.
Expected: &lt;2&gt;
  Actual: nullnullnullnullnullnullnullACME Laboratoriesnullnull&lt;!--
google_ad_client = &quot;pub-5759188606642566&quot;;
/* 728x90, created 9/23/09 */
google_ad_slot = &quot;8720321611&quot;;
google_ad_width = 728;
google_ad_height = 90;
google_ad_channel = &quot;1364652528&quot;;
//--&gt;
nullnullnullACME LaboratoriesGraphics * Unix * Networks * FunnullPurveyors of fine freeware since 1972.  On the net since 1991.ACME Updates.ACME Labs mapsACME MapperACME GeoRSS Map ViewerParis Metro mapACME PlanimeterACME Labs freeware librarythttpdmini_httpdmicro_httpdspfmilterpbmpluscurrently-lit face of the Earthcurrent phase of the MoonACME JavaScript utilitiesACME Java pagescurrent phase of the MoonJava printf()-equivalentGIF encoderPostScript-like graphicsweb serverACME Comment WebletWeb API DemonstrationsHTML5 Canvasfilter out emailed spamACME Caption MakerACME ChartmakerACME AnnotatorTwodayset up a FreeBSD firewallHTML samplercolormap samplerUnicode charactersOne MonthACME Label MakerACME License MakerACME Heart MakerACME ChuMakerACME Chocolate RegistryACME Labs Calendar.ACME NewsJef Poskanzer&#039;s personal page.acme.com&#039;s hardware.What does ACME mean?Other ACMEs on the web.ACME Labs Freeware License.ACME Labs Privacy PolicyDonate $5 to help support ACME Labs.nullnullnullnullnullnullnullnull
      Note: the only affiliation between ACME Laboratories and Warner Brothers
      is that I&#039;ve been a fan of Wile E. Coyote for decades.
    nullnullnullnullnullnull
      _uacct = &quot;UA-406456-1&quot;;
      urchinTracker();
    

XML path data[0].id doesn&#039;t match.
Expected: &lt;7&gt;
  Actual: 
" type="java.lang.AssertionError">
      <![CDATA[java.lang.AssertionError: 2 expectations failed.
XML path page doesn't match.
Expected: <2>
  Actual: nullnullnullnullnullnullnullACME Laboratoriesnullnull<!--
google_ad_client = "pub-5759188606642566";
/* 728x90, created 9/23/09 */
google_ad_slot = "8720321611";
google_ad_width = 728;
google_ad_height = 90;
google_ad_channel = "1364652528";
//-->
nullnullnullACME LaboratoriesGraphics * Unix * Networks * FunnullPurveyors of fine freeware since 1972.  On the net since 1991.ACME Updates.ACME Labs mapsACME MapperACME GeoRSS Map ViewerParis Metro mapACME PlanimeterACME Labs freeware librarythttpdmini_httpdmicro_httpdspfmilterpbmpluscurrently-lit face of the Earthcurrent phase of the MoonACME JavaScript utilitiesACME Java pagescurrent phase of the MoonJava printf()-equivalentGIF encoderPostScript-like graphicsweb serverACME Comment WebletWeb API DemonstrationsHTML5 Canvasfilter out emailed spamACME Caption MakerACME ChartmakerACME AnnotatorTwodayset up a FreeBSD firewallHTML samplercolormap samplerUnicode charactersOne MonthACME Label MakerACME License MakerACME Heart MakerACME ChuMakerACME Chocolate RegistryACME Labs Calendar.ACME NewsJef Poskanzer's personal page.acme.com's hardware.What does ACME mean?Other ACMEs on the web.ACME Labs Freeware License.ACME Labs Privacy PolicyDonate $5 to help support ACME Labs.nullnullnullnullnullnullnullnull
      Note: the only affiliation between ACME Laboratories and Warner Brothers
      is that I've been a fan of Wile E. Coyote for decades.
    nullnullnullnullnullnull
      _uacct = "UA-406456-1";
      urchinTracker();
    

XML path data[0].id doesn't match.
Expected: <7>
  Actual: 

at java.base/jdk.internal.reflect.NativeConstructorAccessorImpl.newInstance0(Native Method)
at java.base/jdk.internal.reflect.NativeConstructorAccessorImpl.newInstance(NativeConstructorAccessorImpl.java:62)
at java.base/jdk.internal.reflect.DelegatingConstructorAccessorImpl.newInstance(DelegatingConstructorAccessorImpl.java:45)
at java.base/java.lang.reflect.Constructor.newInstance(Constructor.java:490)
at org.codehaus.groovy.reflection.CachedConstructor.invoke(CachedConstructor.java:83)
at org.codehaus.groovy.reflection.CachedConstructor.doConstructorInvoke(CachedConstructor.java:77)
at org.codehaus.groovy.runtime.callsite.ConstructorSite$ConstructorSiteNoUnwrap.callConstructor(ConstructorSite.java:84)
at org.codehaus.groovy.runtime.callsite.CallSiteArray.defaultCallConstructor(CallSiteArray.java:59)
at org.codehaus.groovy.runtime.callsite.AbstractCallSite.callConstructor(AbstractCallSite.java:238)
at org.codehaus.groovy.runtime.callsite.AbstractCallSite.callConstructor(AbstractCallSite.java:250)
at io.restassured.internal.ResponseSpecificationImpl$HamcrestAssertionClosure.validate(ResponseSpecificationImpl.groovy:494)
at io.restassured.internal.ResponseSpecificationImpl$HamcrestAssertionClosure$validate$1.call(Unknown Source)
at org.codehaus.groovy.runtime.callsite.CallSiteArray.defaultCall(CallSiteArray.java:47)
at org.codehaus.groovy.runtime.callsite.AbstractCallSite.call(AbstractCallSite.java:116)
at org.codehaus.groovy.runtime.callsite.AbstractCallSite.call(AbstractCallSite.java:128)
at io.restassured.internal.ResponseSpecificationImpl.validateResponseIfRequired(ResponseSpecificationImpl.groovy:656)
at java.base/jdk.internal.reflect.NativeMethodAccessorImpl.invoke0(Native Method)
at java.base/jdk.internal.reflect.NativeMethodAccessorImpl.invoke(NativeMethodAccessorImpl.java:62)
at java.base/jdk.internal.reflect.DelegatingMethodAccessorImpl.invoke(DelegatingMethodAccessorImpl.java:43)
at java.base/java.lang.reflect.Method.invoke(Method.java:566)
at org.codehaus.groovy.runtime.callsite.PogoMetaMethodSite$PogoCachedMethodSiteNoUnwrapNoCoerce.invoke(PogoMetaMethodSite.java:210)
at org.codehaus.groovy.runtime.callsite.PogoMetaMethodSite.callCurrent(PogoMetaMethodSite.java:59)
at org.codehaus.groovy.runtime.callsite.CallSiteArray.defaultCallCurrent(CallSiteArray.java:51)
at org.codehaus.groovy.runtime.callsite.AbstractCallSite.callCurrent(AbstractCallSite.java:157)
at org.codehaus.groovy.runtime.callsite.AbstractCallSite.callCurrent(AbstractCallSite.java:169)
at io.restassured.internal.ResponseSpecificationImpl.content(ResponseSpecificationImpl.groovy:277)
at io.restassured.specification.ResponseSpecification$content$0.callCurrent(Unknown Source)
at org.codehaus.groovy.runtime.callsite.CallSiteArray.defaultCallCurrent(CallSiteArray.java:51)
at org.codehaus.groovy.runtime.callsite.AbstractCallSite.callCurrent(AbstractCallSite.java:157)
at org.codehaus.groovy.runtime.callsite.AbstractCallSite.callCurrent(AbstractCallSite.java:193)
at io.restassured.internal.ResponseSpecificationImpl.body(ResponseSpecificationImpl.groovy:260)
at io.restassured.internal.ValidatableResponseOptionsImpl.body(ValidatableResponseOptionsImpl.java:274)
at restful.Restful.dataTest(Restful.java:75)
at java.base/jdk.internal.reflect.NativeMethodAccessorImpl.invoke0(Native Method)
at java.base/jdk.internal.reflect.NativeMethodAccessorImpl.invoke(NativeMethodAccessorImpl.java:62)
at java.base/jdk.internal.reflect.DelegatingMethodAccessorImpl.invoke(DelegatingMethodAccessorImpl.java:43)
at java.base/java.lang.reflect.Method.invoke(Method.java:566)
at org.testng.internal.MethodInvocationHelper.invokeMethod(MethodInvocationHelper.java:132)
at org.testng.internal.TestInvoker.invokeMethod(TestInvoker.java:599)
at org.testng.internal.TestInvoker.invokeTestMethod(TestInvoker.java:174)
at org.testng.internal.MethodRunner.runInSequence(MethodRunner.java:46)
at org.testng.internal.TestInvoker$MethodInvocationAgent.invoke(TestInvoker.java:822)
at org.testng.internal.TestInvoker.invokeTestMethods(TestInvoker.java:147)
at org.testng.internal.TestMethodWorker.invokeTestMethods(TestMethodWorker.java:146)
at org.testng.internal.TestMethodWorker.run(TestMethodWorker.java:128)
at java.base/java.util.ArrayList.forEach(ArrayList.java:1541)
at org.testng.TestRunner.privateRun(TestRunner.java:764)
at org.testng.TestRunner.run(TestRunner.java:585)
at org.testng.SuiteRunner.runTest(SuiteRunner.java:384)
at org.testng.SuiteRunner.runSequentially(SuiteRunner.java:378)
at org.testng.SuiteRunner.privateRun(SuiteRunner.java:337)
at org.testng.SuiteRunner.run(SuiteRunner.java:286)
at org.testng.SuiteRunnerWorker.runSuite(SuiteRunnerWorker.java:53)
at org.testng.SuiteRunnerWorker.run(SuiteRunnerWorker.java:96)
at org.testng.TestNG.runSuitesSequentially(TestNG.java:1218)
at org.testng.TestNG.runSuitesLocally(TestNG.java:1140)
at org.testng.TestNG.runSuites(TestNG.java:1069)
at org.testng.TestNG.run(TestNG.java:1037)
at org.testng.remote.AbstractRemoteTestNG.run(AbstractRemoteTestNG.java:115)
at org.testng.remote.RemoteTestNG.initAndRun(RemoteTestNG.java:251)
at org.testng.remote.RemoteTestNG.main(RemoteTestNG.java:77)
]]>
    </failure>
  </testcase> <!-- dataTest -->
  <system-out>
<a href='C:\temp\ITHEALTH.RepoCSVmongoTables\MyfirstMavenProjectIT\target\surefire-reports-20210621134558\images\onTestStart142408.png'> <img src='C:\temp\ITHEALTH.RepoCSVmongoTables\MyfirstMavenProjectIT\target\surefire-reports-20210621134558\images\onTestStart142408.png' height='200' width='200'/> </a> <a href='C:\temp\ITHEALTH.RepoCSVmongoTables\MyfirstMavenProjectIT\target\surefire-reports-20210621134558\images\onTestFailure142410.png'> <img src='C:\temp\ITHEALTH.RepoCSVmongoTables\MyfirstMavenProjectIT\target\surefire-reports-20210621134558\images\onTestFailure142410.png' height='200' width='200'/> </a>  </system-out>
  <testcase classname="restful.Restful" name="emailValidation" time="0.764">
    <failure message="1 expectation failed.
XML path data[0].email doesn&#039;t match.
Expected: michael.lawson@reqres.in
  Actual: 
" type="java.lang.AssertionError">
      <![CDATA[java.lang.AssertionError: 1 expectation failed.
XML path data[0].email doesn't match.
Expected: michael.lawson@reqres.in
  Actual: 

at java.base/jdk.internal.reflect.NativeConstructorAccessorImpl.newInstance0(Native Method)
at java.base/jdk.internal.reflect.NativeConstructorAccessorImpl.newInstance(NativeConstructorAccessorImpl.java:62)
at java.base/jdk.internal.reflect.DelegatingConstructorAccessorImpl.newInstance(DelegatingConstructorAccessorImpl.java:45)
at java.base/java.lang.reflect.Constructor.newInstance(Constructor.java:490)
at org.codehaus.groovy.reflection.CachedConstructor.invoke(CachedConstructor.java:83)
at org.codehaus.groovy.reflection.CachedConstructor.doConstructorInvoke(CachedConstructor.java:77)
at org.codehaus.groovy.runtime.callsite.ConstructorSite$ConstructorSiteNoUnwrap.callConstructor(ConstructorSite.java:84)
at org.codehaus.groovy.runtime.callsite.AbstractCallSite.callConstructor(AbstractCallSite.java:250)
at io.restassured.internal.ResponseSpecificationImpl$HamcrestAssertionClosure.validate(ResponseSpecificationImpl.groovy:494)
at io.restassured.internal.ResponseSpecificationImpl$HamcrestAssertionClosure$validate$1.call(Unknown Source)
at io.restassured.internal.ResponseSpecificationImpl.validateResponseIfRequired(ResponseSpecificationImpl.groovy:656)
at java.base/jdk.internal.reflect.NativeMethodAccessorImpl.invoke0(Native Method)
at java.base/jdk.internal.reflect.NativeMethodAccessorImpl.invoke(NativeMethodAccessorImpl.java:62)
at java.base/jdk.internal.reflect.DelegatingMethodAccessorImpl.invoke(DelegatingMethodAccessorImpl.java:43)
at java.base/java.lang.reflect.Method.invoke(Method.java:566)
at org.codehaus.groovy.runtime.callsite.PogoMetaMethodSite$PogoCachedMethodSiteNoUnwrapNoCoerce.invoke(PogoMetaMethodSite.java:210)
at org.codehaus.groovy.runtime.callsite.PogoMetaMethodSite.callCurrent(PogoMetaMethodSite.java:59)
at org.codehaus.groovy.runtime.callsite.AbstractCallSite.callCurrent(AbstractCallSite.java:169)
at io.restassured.internal.ResponseSpecificationImpl.content(ResponseSpecificationImpl.groovy:277)
at io.restassured.specification.ResponseSpecification$content$0.callCurrent(Unknown Source)
at io.restassured.internal.ResponseSpecificationImpl.body(ResponseSpecificationImpl.groovy:260)
at io.restassured.internal.ValidatableResponseOptionsImpl.body(ValidatableResponseOptionsImpl.java:274)
at restful.Restful.emailValidation(Restful.java:88)
at java.base/jdk.internal.reflect.NativeMethodAccessorImpl.invoke0(Native Method)
at java.base/jdk.internal.reflect.NativeMethodAccessorImpl.invoke(NativeMethodAccessorImpl.java:62)
at java.base/jdk.internal.reflect.DelegatingMethodAccessorImpl.invoke(DelegatingMethodAccessorImpl.java:43)
at java.base/java.lang.reflect.Method.invoke(Method.java:566)
at org.testng.internal.MethodInvocationHelper.invokeMethod(MethodInvocationHelper.java:132)
at org.testng.internal.TestInvoker.invokeMethod(TestInvoker.java:599)
at org.testng.internal.TestInvoker.invokeTestMethod(TestInvoker.java:174)
at org.testng.internal.MethodRunner.runInSequence(MethodRunner.java:46)
at org.testng.internal.TestInvoker$MethodInvocationAgent.invoke(TestInvoker.java:822)
at org.testng.internal.TestInvoker.invokeTestMethods(TestInvoker.java:147)
at org.testng.internal.TestMethodWorker.invokeTestMethods(TestMethodWorker.java:146)
at org.testng.internal.TestMethodWorker.run(TestMethodWorker.java:128)
at java.base/java.util.ArrayList.forEach(ArrayList.java:1541)
at org.testng.TestRunner.privateRun(TestRunner.java:764)
at org.testng.TestRunner.run(TestRunner.java:585)
at org.testng.SuiteRunner.runTest(SuiteRunner.java:384)
at org.testng.SuiteRunner.runSequentially(SuiteRunner.java:378)
at org.testng.SuiteRunner.privateRun(SuiteRunner.java:337)
at org.testng.SuiteRunner.run(SuiteRunner.java:286)
at org.testng.SuiteRunnerWorker.runSuite(SuiteRunnerWorker.java:53)
at org.testng.SuiteRunnerWorker.run(SuiteRunnerWorker.java:96)
at org.testng.TestNG.runSuitesSequentially(TestNG.java:1218)
at org.testng.TestNG.runSuitesLocally(TestNG.java:1140)
at org.testng.TestNG.runSuites(TestNG.java:1069)
at org.testng.TestNG.run(TestNG.java:1037)
at org.testng.remote.AbstractRemoteTestNG.run(AbstractRemoteTestNG.java:115)
at org.testng.remote.RemoteTestNG.initAndRun(RemoteTestNG.java:251)
at org.testng.remote.RemoteTestNG.main(RemoteTestNG.java:77)
]]>
    </failure>
  </testcase> <!-- emailValidation -->
  <system-out>
<a href='C:\temp\ITHEALTH.RepoCSVmongoTables\MyfirstMavenProjectIT\target\surefire-reports-20210621134558\images\onTestStart142411.png'> <img src='C:\temp\ITHEALTH.RepoCSVmongoTables\MyfirstMavenProjectIT\target\surefire-reports-20210621134558\images\onTestStart142411.png' height='200' width='200'/> </a> <a href='C:\temp\ITHEALTH.RepoCSVmongoTables\MyfirstMavenProjectIT\target\surefire-reports-20210621134558\images\onTestFailure142411.png'> <img src='C:\temp\ITHEALTH.RepoCSVmongoTables\MyfirstMavenProjectIT\target\surefire-reports-20210621134558\images\onTestFailure142411.png' height='200' width='200'/> </a>  </system-out>
  <testcase classname="restful.Restful" name="supporttext" time="0.780">
    <failure message="1 expectation failed.
XML path support.text doesn&#039;t match.
Expected: To keep ReqRes free, contributions towards server costs are appreciated!
  Actual: 
" type="java.lang.AssertionError">
      <![CDATA[java.lang.AssertionError: 1 expectation failed.
XML path support.text doesn't match.
Expected: To keep ReqRes free, contributions towards server costs are appreciated!
  Actual: 

at java.base/jdk.internal.reflect.NativeConstructorAccessorImpl.newInstance0(Native Method)
at java.base/jdk.internal.reflect.NativeConstructorAccessorImpl.newInstance(NativeConstructorAccessorImpl.java:62)
at java.base/jdk.internal.reflect.DelegatingConstructorAccessorImpl.newInstance(DelegatingConstructorAccessorImpl.java:45)
at java.base/java.lang.reflect.Constructor.newInstance(Constructor.java:490)
at org.codehaus.groovy.reflection.CachedConstructor.invoke(CachedConstructor.java:83)
at org.codehaus.groovy.reflection.CachedConstructor.doConstructorInvoke(CachedConstructor.java:77)
at org.codehaus.groovy.runtime.callsite.ConstructorSite$ConstructorSiteNoUnwrap.callConstructor(ConstructorSite.java:84)
at org.codehaus.groovy.runtime.callsite.AbstractCallSite.callConstructor(AbstractCallSite.java:250)
at io.restassured.internal.ResponseSpecificationImpl$HamcrestAssertionClosure.validate(ResponseSpecificationImpl.groovy:494)
at io.restassured.internal.ResponseSpecificationImpl$HamcrestAssertionClosure$validate$1.call(Unknown Source)
at io.restassured.internal.ResponseSpecificationImpl.validateResponseIfRequired(ResponseSpecificationImpl.groovy:656)
at java.base/jdk.internal.reflect.NativeMethodAccessorImpl.invoke0(Native Method)
at java.base/jdk.internal.reflect.NativeMethodAccessorImpl.invoke(NativeMethodAccessorImpl.java:62)
at java.base/jdk.internal.reflect.DelegatingMethodAccessorImpl.invoke(DelegatingMethodAccessorImpl.java:43)
at java.base/java.lang.reflect.Method.invoke(Method.java:566)
at org.codehaus.groovy.runtime.callsite.PogoMetaMethodSite$PogoCachedMethodSiteNoUnwrapNoCoerce.invoke(PogoMetaMethodSite.java:210)
at org.codehaus.groovy.runtime.callsite.PogoMetaMethodSite.callCurrent(PogoMetaMethodSite.java:59)
at org.codehaus.groovy.runtime.callsite.AbstractCallSite.callCurrent(AbstractCallSite.java:169)
at io.restassured.internal.ResponseSpecificationImpl.content(ResponseSpecificationImpl.groovy:277)
at io.restassured.specification.ResponseSpecification$content$0.callCurrent(Unknown Source)
at io.restassured.internal.ResponseSpecificationImpl.body(ResponseSpecificationImpl.groovy:260)
at io.restassured.internal.ValidatableResponseOptionsImpl.body(ValidatableResponseOptionsImpl.java:274)
at restful.Restful.supporttext(Restful.java:115)
at java.base/jdk.internal.reflect.NativeMethodAccessorImpl.invoke0(Native Method)
at java.base/jdk.internal.reflect.NativeMethodAccessorImpl.invoke(NativeMethodAccessorImpl.java:62)
at java.base/jdk.internal.reflect.DelegatingMethodAccessorImpl.invoke(DelegatingMethodAccessorImpl.java:43)
at java.base/java.lang.reflect.Method.invoke(Method.java:566)
at org.testng.internal.MethodInvocationHelper.invokeMethod(MethodInvocationHelper.java:132)
at org.testng.internal.TestInvoker.invokeMethod(TestInvoker.java:599)
at org.testng.internal.TestInvoker.invokeTestMethod(TestInvoker.java:174)
at org.testng.internal.MethodRunner.runInSequence(MethodRunner.java:46)
at org.testng.internal.TestInvoker$MethodInvocationAgent.invoke(TestInvoker.java:822)
at org.testng.internal.TestInvoker.invokeTestMethods(TestInvoker.java:147)
at org.testng.internal.TestMethodWorker.invokeTestMethods(TestMethodWorker.java:146)
at org.testng.internal.TestMethodWorker.run(TestMethodWorker.java:128)
at java.base/java.util.ArrayList.forEach(ArrayList.java:1541)
at org.testng.TestRunner.privateRun(TestRunner.java:764)
at org.testng.TestRunner.run(TestRunner.java:585)
at org.testng.SuiteRunner.runTest(SuiteRunner.java:384)
at org.testng.SuiteRunner.runSequentially(SuiteRunner.java:378)
at org.testng.SuiteRunner.privateRun(SuiteRunner.java:337)
at org.testng.SuiteRunner.run(SuiteRunner.java:286)
at org.testng.SuiteRunnerWorker.runSuite(SuiteRunnerWorker.java:53)
at org.testng.SuiteRunnerWorker.run(SuiteRunnerWorker.java:96)
at org.testng.TestNG.runSuitesSequentially(TestNG.java:1218)
at org.testng.TestNG.runSuitesLocally(TestNG.java:1140)
at org.testng.TestNG.runSuites(TestNG.java:1069)
at org.testng.TestNG.run(TestNG.java:1037)
at org.testng.remote.AbstractRemoteTestNG.run(AbstractRemoteTestNG.java:115)
at org.testng.remote.RemoteTestNG.initAndRun(RemoteTestNG.java:251)
at org.testng.remote.RemoteTestNG.main(RemoteTestNG.java:77)
]]>
    </failure>
  </testcase> <!-- supporttext -->
  <system-out>
<a href='C:\temp\ITHEALTH.RepoCSVmongoTables\MyfirstMavenProjectIT\target\surefire-reports-20210621134558\images\onTestStart142415.png'> <img src='C:\temp\ITHEALTH.RepoCSVmongoTables\MyfirstMavenProjectIT\target\surefire-reports-20210621134558\images\onTestStart142415.png' height='200' width='200'/> </a> <a href='C:\temp\ITHEALTH.RepoCSVmongoTables\MyfirstMavenProjectIT\target\surefire-reports-20210621134558\images\onTestFailure142416.png'> <img src='C:\temp\ITHEALTH.RepoCSVmongoTables\MyfirstMavenProjectIT\target\surefire-reports-20210621134558\images\onTestFailure142416.png' height='200' width='200'/> </a>  </system-out>
  <testcase classname="restful.Restful" name="checkSiteIsUp" time="0.000">
    <error message="
Parameter &#039;systemUnderTestAcme&#039; is required by @Test on method checkSiteIsUp but has not been marked @Optional or defined
in C:\temp\ITHEALTH.RepoCSVmongoTables\MyfirstMavenProjectIT\testngRestfulITtest.xml" type="org.testng.TestNGException">
      <![CDATA[org.testng.TestNGException: 
Parameter 'systemUnderTestAcme' is required by @Test on method checkSiteIsUp but has not been marked @Optional or defined
in C:\temp\ITHEALTH.RepoCSVmongoTables\MyfirstMavenProjectIT\testngRestfulITtest.xml
at org.testng.internal.Parameters.createParams(Parameters.java:268)
at org.testng.internal.Parameters.createParametersForMethod(Parameters.java:356)
at org.testng.internal.Parameters.createParameters(Parameters.java:700)
at org.testng.internal.Parameters.handleParameters(Parameters.java:875)
at org.testng.internal.Parameters.handleParameters(Parameters.java:740)
at org.testng.internal.ParameterHandler.handleParameters(ParameterHandler.java:59)
at org.testng.internal.ParameterHandler.createParameters(ParameterHandler.java:38)
at org.testng.internal.TestInvoker$MethodInvocationAgent.invoke(TestInvoker.java:789)
at org.testng.internal.TestInvoker.invokeTestMethods(TestInvoker.java:147)
at org.testng.internal.TestMethodWorker.invokeTestMethods(TestMethodWorker.java:146)
at org.testng.internal.TestMethodWorker.run(TestMethodWorker.java:128)
at java.base/java.util.ArrayList.forEach(ArrayList.java:1541)
at org.testng.TestRunner.privateRun(TestRunner.java:764)
at org.testng.TestRunner.run(TestRunner.java:585)
at org.testng.SuiteRunner.runTest(SuiteRunner.java:384)
at org.testng.SuiteRunner.runSequentially(SuiteRunner.java:378)
at org.testng.SuiteRunner.privateRun(SuiteRunner.java:337)
at org.testng.SuiteRunner.run(SuiteRunner.java:286)
at org.testng.SuiteRunnerWorker.runSuite(SuiteRunnerWorker.java:53)
at org.testng.SuiteRunnerWorker.run(SuiteRunnerWorker.java:96)
at org.testng.TestNG.runSuitesSequentially(TestNG.java:1218)
at org.testng.TestNG.runSuitesLocally(TestNG.java:1140)
at org.testng.TestNG.runSuites(TestNG.java:1069)
at org.testng.TestNG.run(TestNG.java:1037)
at org.testng.remote.AbstractRemoteTestNG.run(AbstractRemoteTestNG.java:115)
at org.testng.remote.RemoteTestNG.initAndRun(RemoteTestNG.java:251)
at org.testng.remote.RemoteTestNG.main(RemoteTestNG.java:77)
]]>
    </error>
  </testcase> <!-- checkSiteIsUp -->
  <system-out/>
  <testcase classname="restful.Restful" name="pageEquals2" time="0.774">
    <failure message="1 expectation failed.
XML path page doesn&#039;t match.
Expected: &lt;2&gt;
  Actual: nullnullnullnullnullnullnullACME Laboratoriesnullnull&lt;!--
google_ad_client = &quot;pub-5759188606642566&quot;;
/* 728x90, created 9/23/09 */
google_ad_slot = &quot;8720321611&quot;;
google_ad_width = 728;
google_ad_height = 90;
google_ad_channel = &quot;1364652528&quot;;
//--&gt;
nullnullnullACME LaboratoriesGraphics * Unix * Networks * FunnullPurveyors of fine freeware since 1972.  On the net since 1991.ACME Updates.ACME Labs mapsACME MapperACME GeoRSS Map ViewerParis Metro mapACME PlanimeterACME Labs freeware librarythttpdmini_httpdmicro_httpdspfmilterpbmpluscurrently-lit face of the Earthcurrent phase of the MoonACME JavaScript utilitiesACME Java pagescurrent phase of the MoonJava printf()-equivalentGIF encoderPostScript-like graphicsweb serverACME Comment WebletWeb API DemonstrationsHTML5 Canvasfilter out emailed spamACME Caption MakerACME ChartmakerACME AnnotatorTwodayset up a FreeBSD firewallHTML samplercolormap samplerUnicode charactersOne MonthACME Label MakerACME License MakerACME Heart MakerACME ChuMakerACME Chocolate RegistryACME Labs Calendar.ACME NewsJef Poskanzer&#039;s personal page.acme.com&#039;s hardware.What does ACME mean?Other ACMEs on the web.ACME Labs Freeware License.ACME Labs Privacy PolicyDonate $5 to help support ACME Labs.nullnullnullnullnullnullnullnull
      Note: the only affiliation between ACME Laboratories and Warner Brothers
      is that I&#039;ve been a fan of Wile E. Coyote for decades.
    nullnullnullnullnullnull
      _uacct = &quot;UA-406456-1&quot;;
      urchinTracker();
    
" type="java.lang.AssertionError">
      <![CDATA[java.lang.AssertionError: 1 expectation failed.
XML path page doesn't match.
Expected: <2>
  Actual: nullnullnullnullnullnullnullACME Laboratoriesnullnull<!--
google_ad_client = "pub-5759188606642566";
/* 728x90, created 9/23/09 */
google_ad_slot = "8720321611";
google_ad_width = 728;
google_ad_height = 90;
google_ad_channel = "1364652528";
//-->
nullnullnullACME LaboratoriesGraphics * Unix * Networks * FunnullPurveyors of fine freeware since 1972.  On the net since 1991.ACME Updates.ACME Labs mapsACME MapperACME GeoRSS Map ViewerParis Metro mapACME PlanimeterACME Labs freeware librarythttpdmini_httpdmicro_httpdspfmilterpbmpluscurrently-lit face of the Earthcurrent phase of the MoonACME JavaScript utilitiesACME Java pagescurrent phase of the MoonJava printf()-equivalentGIF encoderPostScript-like graphicsweb serverACME Comment WebletWeb API DemonstrationsHTML5 Canvasfilter out emailed spamACME Caption MakerACME ChartmakerACME AnnotatorTwodayset up a FreeBSD firewallHTML samplercolormap samplerUnicode charactersOne MonthACME Label MakerACME License MakerACME Heart MakerACME ChuMakerACME Chocolate RegistryACME Labs Calendar.ACME NewsJef Poskanzer's personal page.acme.com's hardware.What does ACME mean?Other ACMEs on the web.ACME Labs Freeware License.ACME Labs Privacy PolicyDonate $5 to help support ACME Labs.nullnullnullnullnullnullnullnull
      Note: the only affiliation between ACME Laboratories and Warner Brothers
      is that I've been a fan of Wile E. Coyote for decades.
    nullnullnullnullnullnull
      _uacct = "UA-406456-1";
      urchinTracker();
    

at java.base/jdk.internal.reflect.NativeConstructorAccessorImpl.newInstance0(Native Method)
at java.base/jdk.internal.reflect.NativeConstructorAccessorImpl.newInstance(NativeConstructorAccessorImpl.java:62)
at java.base/jdk.internal.reflect.DelegatingConstructorAccessorImpl.newInstance(DelegatingConstructorAccessorImpl.java:45)
at java.base/java.lang.reflect.Constructor.newInstance(Constructor.java:490)
at org.codehaus.groovy.reflection.CachedConstructor.invoke(CachedConstructor.java:83)
at org.codehaus.groovy.reflection.CachedConstructor.doConstructorInvoke(CachedConstructor.java:77)
at org.codehaus.groovy.runtime.callsite.ConstructorSite$ConstructorSiteNoUnwrap.callConstructor(ConstructorSite.java:84)
at org.codehaus.groovy.runtime.callsite.AbstractCallSite.callConstructor(AbstractCallSite.java:250)
at io.restassured.internal.ResponseSpecificationImpl$HamcrestAssertionClosure.validate(ResponseSpecificationImpl.groovy:494)
at io.restassured.internal.ResponseSpecificationImpl$HamcrestAssertionClosure$validate$1.call(Unknown Source)
at io.restassured.internal.ResponseSpecificationImpl.validateResponseIfRequired(ResponseSpecificationImpl.groovy:656)
at java.base/jdk.internal.reflect.NativeMethodAccessorImpl.invoke0(Native Method)
at java.base/jdk.internal.reflect.NativeMethodAccessorImpl.invoke(NativeMethodAccessorImpl.java:62)
at java.base/jdk.internal.reflect.DelegatingMethodAccessorImpl.invoke(DelegatingMethodAccessorImpl.java:43)
at java.base/java.lang.reflect.Method.invoke(Method.java:566)
at org.codehaus.groovy.runtime.callsite.PogoMetaMethodSite$PogoCachedMethodSiteNoUnwrapNoCoerce.invoke(PogoMetaMethodSite.java:210)
at org.codehaus.groovy.runtime.callsite.PogoMetaMethodSite.callCurrent(PogoMetaMethodSite.java:59)
at org.codehaus.groovy.runtime.callsite.AbstractCallSite.callCurrent(AbstractCallSite.java:169)
at io.restassured.internal.ResponseSpecificationImpl.content(ResponseSpecificationImpl.groovy:277)
at io.restassured.specification.ResponseSpecification$content$0.callCurrent(Unknown Source)
at io.restassured.internal.ResponseSpecificationImpl.body(ResponseSpecificationImpl.groovy:260)
at io.restassured.internal.ValidatableResponseOptionsImpl.body(ValidatableResponseOptionsImpl.java:274)
at restful.Restful.pageEquals2(Restful.java:63)
at java.base/jdk.internal.reflect.NativeMethodAccessorImpl.invoke0(Native Method)
at java.base/jdk.internal.reflect.NativeMethodAccessorImpl.invoke(NativeMethodAccessorImpl.java:62)
at java.base/jdk.internal.reflect.DelegatingMethodAccessorImpl.invoke(DelegatingMethodAccessorImpl.java:43)
at java.base/java.lang.reflect.Method.invoke(Method.java:566)
at org.testng.internal.MethodInvocationHelper.invokeMethod(MethodInvocationHelper.java:132)
at org.testng.internal.TestInvoker.invokeMethod(TestInvoker.java:599)
at org.testng.internal.TestInvoker.invokeTestMethod(TestInvoker.java:174)
at org.testng.internal.MethodRunner.runInSequence(MethodRunner.java:46)
at org.testng.internal.TestInvoker$MethodInvocationAgent.invoke(TestInvoker.java:822)
at org.testng.internal.TestInvoker.invokeTestMethods(TestInvoker.java:147)
at org.testng.internal.TestMethodWorker.invokeTestMethods(TestMethodWorker.java:146)
at org.testng.internal.TestMethodWorker.run(TestMethodWorker.java:128)
at java.base/java.util.ArrayList.forEach(ArrayList.java:1541)
at org.testng.TestRunner.privateRun(TestRunner.java:764)
at org.testng.TestRunner.run(TestRunner.java:585)
at org.testng.SuiteRunner.runTest(SuiteRunner.java:384)
at org.testng.SuiteRunner.runSequentially(SuiteRunner.java:378)
at org.testng.SuiteRunner.privateRun(SuiteRunner.java:337)
at org.testng.SuiteRunner.run(SuiteRunner.java:286)
at org.testng.SuiteRunnerWorker.runSuite(SuiteRunnerWorker.java:53)
at org.testng.SuiteRunnerWorker.run(SuiteRunnerWorker.java:96)
at org.testng.TestNG.runSuitesSequentially(TestNG.java:1218)
at org.testng.TestNG.runSuitesLocally(TestNG.java:1140)
at org.testng.TestNG.runSuites(TestNG.java:1069)
at org.testng.TestNG.run(TestNG.java:1037)
at org.testng.remote.AbstractRemoteTestNG.run(AbstractRemoteTestNG.java:115)
at org.testng.remote.RemoteTestNG.initAndRun(RemoteTestNG.java:251)
at org.testng.remote.RemoteTestNG.main(RemoteTestNG.java:77)
]]>
    </failure>
  </testcase> <!-- pageEquals2 -->
  <system-out>
<a href='C:\temp\ITHEALTH.RepoCSVmongoTables\MyfirstMavenProjectIT\target\surefire-reports-20210621134558\images\onTestStart142414.png'> <img src='C:\temp\ITHEALTH.RepoCSVmongoTables\MyfirstMavenProjectIT\target\surefire-reports-20210621134558\images\onTestStart142414.png' height='200' width='200'/> </a> <a href='C:\temp\ITHEALTH.RepoCSVmongoTables\MyfirstMavenProjectIT\target\surefire-reports-20210621134558\images\onTestFailure142415.png'> <img src='C:\temp\ITHEALTH.RepoCSVmongoTables\MyfirstMavenProjectIT\target\surefire-reports-20210621134558\images\onTestFailure142415.png' height='200' width='200'/> </a>  </system-out>
  <testcase classname="restful.Restful" name="howManyDataElements" time="0.807">
    <failure message="1 expectation failed.
XML path size() doesn&#039;t match.
Expected: &lt;6&gt;
  Actual: nullnullnullnullnullnullnullACME Laboratoriesnullnull&lt;!--
google_ad_client = &quot;pub-5759188606642566&quot;;
/* 728x90, created 9/23/09 */
google_ad_slot = &quot;8720321611&quot;;
google_ad_width = 728;
google_ad_height = 90;
google_ad_channel = &quot;1364652528&quot;;
//--&gt;
nullnullnullACME LaboratoriesGraphics * Unix * Networks * FunnullPurveyors of fine freeware since 1972.  On the net since 1991.ACME Updates.ACME Labs mapsACME MapperACME GeoRSS Map ViewerParis Metro mapACME PlanimeterACME Labs freeware librarythttpdmini_httpdmicro_httpdspfmilterpbmpluscurrently-lit face of the Earthcurrent phase of the MoonACME JavaScript utilitiesACME Java pagescurrent phase of the MoonJava printf()-equivalentGIF encoderPostScript-like graphicsweb serverACME Comment WebletWeb API DemonstrationsHTML5 Canvasfilter out emailed spamACME Caption MakerACME ChartmakerACME AnnotatorTwodayset up a FreeBSD firewallHTML samplercolormap samplerUnicode charactersOne MonthACME Label MakerACME License MakerACME Heart MakerACME ChuMakerACME Chocolate RegistryACME Labs Calendar.ACME NewsJef Poskanzer&#039;s personal page.acme.com&#039;s hardware.What does ACME mean?Other ACMEs on the web.ACME Labs Freeware License.ACME Labs Privacy PolicyDonate $5 to help support ACME Labs.nullnullnullnullnullnullnullnull
      Note: the only affiliation between ACME Laboratories and Warner Brothers
      is that I&#039;ve been a fan of Wile E. Coyote for decades.
    nullnullnullnullnullnull
      _uacct = &quot;UA-406456-1&quot;;
      urchinTracker();
    
" type="java.lang.AssertionError">
      <![CDATA[java.lang.AssertionError: 1 expectation failed.
XML path size() doesn't match.
Expected: <6>
  Actual: nullnullnullnullnullnullnullACME Laboratoriesnullnull<!--
google_ad_client = "pub-5759188606642566";
/* 728x90, created 9/23/09 */
google_ad_slot = "8720321611";
google_ad_width = 728;
google_ad_height = 90;
google_ad_channel = "1364652528";
//-->
nullnullnullACME LaboratoriesGraphics * Unix * Networks * FunnullPurveyors of fine freeware since 1972.  On the net since 1991.ACME Updates.ACME Labs mapsACME MapperACME GeoRSS Map ViewerParis Metro mapACME PlanimeterACME Labs freeware librarythttpdmini_httpdmicro_httpdspfmilterpbmpluscurrently-lit face of the Earthcurrent phase of the MoonACME JavaScript utilitiesACME Java pagescurrent phase of the MoonJava printf()-equivalentGIF encoderPostScript-like graphicsweb serverACME Comment WebletWeb API DemonstrationsHTML5 Canvasfilter out emailed spamACME Caption MakerACME ChartmakerACME AnnotatorTwodayset up a FreeBSD firewallHTML samplercolormap samplerUnicode charactersOne MonthACME Label MakerACME License MakerACME Heart MakerACME ChuMakerACME Chocolate RegistryACME Labs Calendar.ACME NewsJef Poskanzer's personal page.acme.com's hardware.What does ACME mean?Other ACMEs on the web.ACME Labs Freeware License.ACME Labs Privacy PolicyDonate $5 to help support ACME Labs.nullnullnullnullnullnullnullnull
      Note: the only affiliation between ACME Laboratories and Warner Brothers
      is that I've been a fan of Wile E. Coyote for decades.
    nullnullnullnullnullnull
      _uacct = "UA-406456-1";
      urchinTracker();
    

at java.base/jdk.internal.reflect.NativeConstructorAccessorImpl.newInstance0(Native Method)
at java.base/jdk.internal.reflect.NativeConstructorAccessorImpl.newInstance(NativeConstructorAccessorImpl.java:62)
at java.base/jdk.internal.reflect.DelegatingConstructorAccessorImpl.newInstance(DelegatingConstructorAccessorImpl.java:45)
at java.base/java.lang.reflect.Constructor.newInstance(Constructor.java:490)
at org.codehaus.groovy.reflection.CachedConstructor.invoke(CachedConstructor.java:83)
at org.codehaus.groovy.reflection.CachedConstructor.doConstructorInvoke(CachedConstructor.java:77)
at org.codehaus.groovy.runtime.callsite.ConstructorSite$ConstructorSiteNoUnwrap.callConstructor(ConstructorSite.java:84)
at org.codehaus.groovy.runtime.callsite.AbstractCallSite.callConstructor(AbstractCallSite.java:250)
at io.restassured.internal.ResponseSpecificationImpl$HamcrestAssertionClosure.validate(ResponseSpecificationImpl.groovy:494)
at io.restassured.internal.ResponseSpecificationImpl$HamcrestAssertionClosure$validate$1.call(Unknown Source)
at io.restassured.internal.ResponseSpecificationImpl.validateResponseIfRequired(ResponseSpecificationImpl.groovy:656)
at java.base/jdk.internal.reflect.NativeMethodAccessorImpl.invoke0(Native Method)
at java.base/jdk.internal.reflect.NativeMethodAccessorImpl.invoke(NativeMethodAccessorImpl.java:62)
at java.base/jdk.internal.reflect.DelegatingMethodAccessorImpl.invoke(DelegatingMethodAccessorImpl.java:43)
at java.base/java.lang.reflect.Method.invoke(Method.java:566)
at org.codehaus.groovy.runtime.callsite.PogoMetaMethodSite$PogoCachedMethodSiteNoUnwrapNoCoerce.invoke(PogoMetaMethodSite.java:210)
at org.codehaus.groovy.runtime.callsite.PogoMetaMethodSite.callCurrent(PogoMetaMethodSite.java:59)
at org.codehaus.groovy.runtime.callsite.AbstractCallSite.callCurrent(AbstractCallSite.java:169)
at io.restassured.internal.ResponseSpecificationImpl.content(ResponseSpecificationImpl.groovy:277)
at io.restassured.specification.ResponseSpecification$content$0.callCurrent(Unknown Source)
at io.restassured.internal.ResponseSpecificationImpl.body(ResponseSpecificationImpl.groovy:260)
at io.restassured.internal.ValidatableResponseOptionsImpl.body(ValidatableResponseOptionsImpl.java:274)
at restful.Restful.howManyDataElements(Restful.java:100)
at java.base/jdk.internal.reflect.NativeMethodAccessorImpl.invoke0(Native Method)
at java.base/jdk.internal.reflect.NativeMethodAccessorImpl.invoke(NativeMethodAccessorImpl.java:62)
at java.base/jdk.internal.reflect.DelegatingMethodAccessorImpl.invoke(DelegatingMethodAccessorImpl.java:43)
at java.base/java.lang.reflect.Method.invoke(Method.java:566)
at org.testng.internal.MethodInvocationHelper.invokeMethod(MethodInvocationHelper.java:132)
at org.testng.internal.TestInvoker.invokeMethod(TestInvoker.java:599)
at org.testng.internal.TestInvoker.invokeTestMethod(TestInvoker.java:174)
at org.testng.internal.MethodRunner.runInSequence(MethodRunner.java:46)
at org.testng.internal.TestInvoker$MethodInvocationAgent.invoke(TestInvoker.java:822)
at org.testng.internal.TestInvoker.invokeTestMethods(TestInvoker.java:147)
at org.testng.internal.TestMethodWorker.invokeTestMethods(TestMethodWorker.java:146)
at org.testng.internal.TestMethodWorker.run(TestMethodWorker.java:128)
at java.base/java.util.ArrayList.forEach(ArrayList.java:1541)
at org.testng.TestRunner.privateRun(TestRunner.java:764)
at org.testng.TestRunner.run(TestRunner.java:585)
at org.testng.SuiteRunner.runTest(SuiteRunner.java:384)
at org.testng.SuiteRunner.runSequentially(SuiteRunner.java:378)
at org.testng.SuiteRunner.privateRun(SuiteRunner.java:337)
at org.testng.SuiteRunner.run(SuiteRunner.java:286)
at org.testng.SuiteRunnerWorker.runSuite(SuiteRunnerWorker.java:53)
at org.testng.SuiteRunnerWorker.run(SuiteRunnerWorker.java:96)
at org.testng.TestNG.runSuitesSequentially(TestNG.java:1218)
at org.testng.TestNG.runSuitesLocally(TestNG.java:1140)
at org.testng.TestNG.runSuites(TestNG.java:1069)
at org.testng.TestNG.run(TestNG.java:1037)
at org.testng.remote.AbstractRemoteTestNG.run(AbstractRemoteTestNG.java:115)
at org.testng.remote.RemoteTestNG.initAndRun(RemoteTestNG.java:251)
at org.testng.remote.RemoteTestNG.main(RemoteTestNG.java:77)
]]>
    </failure>
  </testcase> <!-- howManyDataElements -->
  <system-out>
<a href='C:\temp\ITHEALTH.RepoCSVmongoTables\MyfirstMavenProjectIT\target\surefire-reports-20210621134558\images\onTestStart142413.png'> <img src='C:\temp\ITHEALTH.RepoCSVmongoTables\MyfirstMavenProjectIT\target\surefire-reports-20210621134558\images\onTestStart142413.png' height='200' width='200'/> </a> <a href='C:\temp\ITHEALTH.RepoCSVmongoTables\MyfirstMavenProjectIT\target\surefire-reports-20210621134558\images\onTestFailure142414.png'> <img src='C:\temp\ITHEALTH.RepoCSVmongoTables\MyfirstMavenProjectIT\target\surefire-reports-20210621134558\images\onTestFailure142414.png' height='200' width='200'/> </a>  </system-out>
</testsuite> <!-- restful.Restful -->
